Table table;
table.game_init_for_replay({57,10,11,91,112,44,98,35,62,100,105,21,93,99,121,131,81,85,19,52,114,111,72,66,87,30,34,115,125,133,108,20,88,2,60,36,50,95,37,45,53,22,9,0,46,94,5,83,124,118,15,42,77,117,65,80,132,92,79,69,3,116,12,63,59,39,67,55,104,78,56,61,128,1,71,32,23,26,29,122,6,119,25,68,43,8,75,113,18,86,129,41,58,110,96,107,16,123,82,102,134,48,70,89,126,47,106,49,40,64,27,28,17,31,120,103,74,101,14,33,38,76,4,90,135,24,109,97,51,130,73,127,7,54,13,84,}, {22800,17900,37500,21800,}, 0, 0, 1, 3);
table.make_selection(7);
table.make_selection(0);
table.make_selection(0);
table.make_selection(0);
table.make_selection(0);
table.make_selection(12);
table.make_selection(0);
table.make_selection(0);
table.make_selection(0);
table.make_selection(0);
table.make_selection(13);
table.make_selection(0);
table.make_selection(0);
table.make_selection(0);
table.make_selection(0);
table.make_selection(10);
table.make_selection(0);
table.make_selection(0);
table.make_selection(0);
table.make_selection(0);
table.make_selection(13);
table.make_selection(0);
table.make_selection(0);
table.make_selection(0);
table.make_selection(0);
table.make_selection(7);
table.make_selection(0);
table.make_selection(0);
table.make_selection(0);
table.make_selection(0);
table.make_selection(12);
table.make_selection(0);
table.make_selection(0);
table.make_selection(0);
table.make_selection(0);
table.make_selection(12);
table.make_selection(0);
table.make_selection(0);
table.make_selection(0);
table.make_selection(0);
table.make_selection(11);
table.make_selection(0);
table.make_selection(0);
table.make_selection(0);
table.make_selection(0);
table.make_selection(2);
table.make_selection(0);
table.make_selection(0);
table.make_selection(0);
table.make_selection(0);
table.make_selection(5);
table.make_selection(0);
table.make_selection(0);
table.make_selection(0);
table.make_selection(0);
table.make_selection(13);
table.make_selection(0);
table.make_selection(0);
table.make_selection(0);
table.make_selection(0);
table.make_selection(11);
table.make_selection(0);
table.make_selection(0);
table.make_selection(0);
table.make_selection(0);
table.make_selection(13);
table.make_selection(0);
table.make_selection(0);
table.make_selection(0);
table.make_selection(0);
table.make_selection(13);
table.make_selection(0);
table.make_selection(0);
table.make_selection(0);
table.make_selection(0);
table.make_selection(13);
table.make_selection(0);
table.make_selection(0);
table.make_selection(0);
table.make_selection(0);
table.make_selection(13);
table.make_selection(0);
table.make_selection(0);
table.make_selection(0);
table.make_selection(0);
table.make_selection(5);
table.make_selection(0);
table.make_selection(0);
table.make_selection(0);
table.make_selection(0);
table.make_selection(13);
table.make_selection(0);
table.make_selection(0);
table.make_selection(0);
table.make_selection(0);
table.make_selection(9);
table.make_selection(0);
table.make_selection(0);
table.make_selection(0);
table.make_selection(0);
table.make_selection(13);
table.make_selection(0);
table.make_selection(0);
table.make_selection(0);
table.make_selection(0);
table.make_selection(13);
table.make_selection(0);
table.make_selection(0);
table.make_selection(0);
table.make_selection(0);
table.make_selection(13);
table.make_selection(0);
table.make_selection(0);
table.make_selection(0);
table.make_selection(0);
table.make_selection(13);
table.make_selection(0);
table.make_selection(0);
table.make_selection(0);
table.make_selection(0);
table.make_selection(7);
table.make_selection(0);
table.make_selection(0);
table.make_selection(0);
table.make_selection(0);
table.make_selection(13);
table.make_selection(0);
table.make_selection(0);
table.make_selection(0);
table.make_selection(0);
table.make_selection(10);
table.make_selection(0);
table.make_selection(0);
table.make_selection(0);
table.make_selection(0);
table.make_selection(13);
table.make_selection(0);
table.make_selection(0);
table.make_selection(0);
table.make_selection(0);
table.make_selection(2);
table.make_selection(0);
table.make_selection(0);
table.make_selection(0);
table.make_selection(0);
table.make_selection(12);
table.make_selection(0);
table.make_selection(0);
table.make_selection(0);
table.make_selection(0);
table.make_selection(13);
table.make_selection(0);
table.make_selection(0);
table.make_selection(0);
table.make_selection(0);
table.make_selection(13);
table.make_selection(0);
table.make_selection(0);
table.make_selection(0);
table.make_selection(0);
table.make_selection(13);
table.make_selection(0);
table.make_selection(0);
table.make_selection(0);
table.make_selection(0);
table.make_selection(13);
table.make_selection(0);
table.make_selection(0);
table.make_selection(0);
table.make_selection(0);
table.make_selection(13);
table.make_selection(0);
table.make_selection(0);
table.make_selection(0);
table.make_selection(0);
table.make_selection(6);
table.make_selection(0);
table.make_selection(0);
table.make_selection(0);
table.make_selection(0);
table.make_selection(13);
table.make_selection(0);
table.make_selection(0);
table.make_selection(0);
table.make_selection(0);
table.make_selection(13);
table.make_selection(0);
table.make_selection(0);
table.make_selection(0);
table.make_selection(0);
table.make_selection(5);
table.make_selection(0);
table.make_selection(0);
table.make_selection(0);
table.make_selection(0);
table.make_selection(13);
table.make_selection(0);
table.make_selection(0);
table.make_selection(0);
table.make_selection(0);
table.make_selection(13);
table.make_selection(0);
table.make_selection(0);
table.make_selection(0);
table.make_selection(0);
table.make_selection(13);
table.make_selection(0);
table.make_selection(0);
table.make_selection(0);
table.make_selection(0);
table.make_selection(13);
table.make_selection(0);
table.make_selection(0);
table.make_selection(0);
table.make_selection(0);
table.make_selection(12);
table.make_selection(0);
table.make_selection(0);
table.make_selection(0);
table.make_selection(0);
table.make_selection(12);
table.make_selection(0);
table.make_selection(0);
table.make_selection(0);
table.make_selection(0);
table.make_selection(13);
table.make_selection(0);
table.make_selection(0);
table.make_selection(0);
table.make_selection(0);
table.make_selection(1);
table.make_selection(0);
table.make_selection(0);
table.make_selection(0);
table.make_selection(0);
table.make_selection(4);
table.make_selection(0);
table.make_selection(0);
table.make_selection(0);
table.make_selection(0);
table.make_selection(13);
table.make_selection(0);
table.make_selection(0);
table.make_selection(0);
table.make_selection(0);
table.make_selection(13);
table.make_selection(0);
table.make_selection(1);
table.make_selection(0);
table.make_selection(0);
table.make_selection(0);
table.make_selection(0);
table.make_selection(0);
table.make_selection(0);
table.make_selection(0);
table.make_selection(13);
table.make_selection(0);
table.make_selection(0);
table.make_selection(0);
table.make_selection(0);
table.make_selection(12);
table.make_selection(0);
table.make_selection(0);
table.make_selection(0);
table.make_selection(0);
table.make_selection(13);
table.make_selection(0);
table.make_selection(0);
table.make_selection(0);
table.make_selection(0);
table.make_selection(11);
